c:\users\0127r\onedrive\바탕 화면\diablo2 모작\winapi\x64\debug\winapi.pch
c:\users\0127r\onedrive\바탕 화면\diablo2 모작\winapi\x64\debug\vc143.pdb
c:\users\0127r\onedrive\바탕 화면\diablo2 모작\winapi\x64\debug\vc143.idb
c:\users\0127r\onedrive\바탕 화면\diablo2 모작\winapi\x64\debug\stdafx.obj
c:\users\0127r\onedrive\바탕 화면\diablo2 모작\winapi\x64\debug\loadingscene.obj
c:\users\0127r\onedrive\바탕 화면\diablo2 모작\winapi\x64\debug\loading.obj
c:\users\0127r\onedrive\바탕 화면\diablo2 모작\winapi\x64\debug\keymanager.obj
c:\users\0127r\onedrive\바탕 화면\diablo2 모작\winapi\x64\debug\item.obj
c:\users\0127r\onedrive\바탕 화면\diablo2 모작\winapi\x64\debug\inventory.obj
c:\users\0127r\onedrive\바탕 화면\diablo2 모작\winapi\x64\debug\imagemanager.obj
c:\users\0127r\onedrive\바탕 화면\diablo2 모작\winapi\x64\debug\gimage.obj
c:\users\0127r\onedrive\바탕 화면\diablo2 모작\winapi\x64\debug\gamenode.obj
c:\users\0127r\onedrive\바탕 화면\diablo2 모작\winapi\x64\debug\fontmanager.obj
c:\users\0127r\onedrive\바탕 화면\diablo2 모작\winapi\x64\debug\enemy.obj
c:\users\0127r\onedrive\바탕 화면\diablo2 모작\winapi\x64\debug\dungeonscene.obj
c:\users\0127r\onedrive\바탕 화면\diablo2 모작\winapi\x64\debug\diablomap.obj
c:\users\0127r\onedrive\바탕 화면\diablo2 모작\winapi\x64\debug\csoundmgr.obj
c:\users\0127r\onedrive\바탕 화면\diablo2 모작\winapi\x64\debug\csound.obj
c:\users\0127r\onedrive\바탕 화면\diablo2 모작\winapi\x64\debug\combat.obj
c:\users\0127r\onedrive\바탕 화면\diablo2 모작\winapi\x64\debug\bossskill.obj
c:\users\0127r\onedrive\바탕 화면\diablo2 모작\winapi\x64\debug\boss.obj
c:\users\0127r\onedrive\바탕 화면\diablo2 모작\winapi\x64\debug\balog.obj
c:\users\0127r\onedrive\바탕 화면\diablo2 모작\winapi\x64\debug\animation.obj
c:\users\0127r\onedrive\바탕 화면\diablo2 모작\winapi\x64\debug\alltexture.obj
c:\users\0127r\onedrive\바탕 화면\diablo2 모작\winapi\x64\debug\tilemanager.obj
c:\users\0127r\onedrive\바탕 화면\diablo2 모작\winapi\x64\debug\testscene.obj
c:\users\0127r\onedrive\바탕 화면\diablo2 모작\winapi\x64\debug\tempsoundmanager.obj
c:\users\0127r\onedrive\바탕 화면\diablo2 모작\winapi\x64\debug\shop.obj
c:\users\0127r\onedrive\바탕 화면\diablo2 모작\winapi\x64\debug\scenemanager.obj
c:\users\0127r\onedrive\바탕 화면\diablo2 모작\winapi\x64\debug\progressbar.obj
c:\users\0127r\onedrive\바탕 화면\diablo2 모작\winapi\x64\debug\playerstatui.obj
c:\users\0127r\onedrive\바탕 화면\diablo2 모작\winapi\x64\debug\playerskill.obj
c:\users\0127r\onedrive\바탕 화면\diablo2 모작\winapi\x64\debug\playerimg.obj
c:\users\0127r\onedrive\바탕 화면\diablo2 모작\winapi\x64\debug\player.obj
c:\users\0127r\onedrive\바탕 화면\diablo2 모작\winapi\x64\debug\pixelscene.obj
c:\users\0127r\onedrive\바탕 화면\diablo2 모작\winapi\x64\debug\pixelcollision.obj
c:\users\0127r\onedrive\바탕 화면\diablo2 모작\winapi\x64\debug\orge.obj
c:\users\0127r\onedrive\바탕 화면\diablo2 모작\winapi\x64\debug\openingscene.obj
c:\users\0127r\onedrive\바탕 화면\diablo2 모작\winapi\x64\debug\monsterimage.obj
c:\users\0127r\onedrive\바탕 화면\diablo2 모작\winapi\x64\debug\monster.obj
c:\users\0127r\onedrive\바탕 화면\diablo2 모작\winapi\x64\debug\menuscene.obj
c:\users\0127r\onedrive\바탕 화면\diablo2 모작\winapi\x64\debug\masterscene.obj
c:\users\0127r\onedrive\바탕 화면\diablo2 모작\winapi\x64\debug\maingame.obj
c:\users\0127r\onedrive\바탕 화면\diablo2 모작\winapi\x64\debug\world.obj
c:\users\0127r\onedrive\바탕 화면\diablo2 모작\winapi\x64\debug\winmain.obj
c:\users\0127r\onedrive\바탕 화면\diablo2 모작\winapi\x64\debug\waypoint.obj
c:\users\0127r\onedrive\바탕 화면\diablo2 모작\winapi\x64\debug\villagescene.obj
c:\users\0127r\onedrive\바탕 화면\diablo2 모작\winapi\x64\debug\utils.obj
c:\users\0127r\onedrive\바탕 화면\diablo2 모작\winapi\x64\debug\ui2.obj
c:\users\0127r\onedrive\바탕 화면\diablo2 모작\winapi\x64\debug\timer.obj
c:\users\0127r\onedrive\바탕 화면\diablo2 모작\winapi\x64\debug\timemanager.obj
c:\users\0127r\onedrive\바탕 화면\diablo2 모작\winapi\x64\debug\winapi.tlog\cl.command.1.tlog
c:\users\0127r\onedrive\바탕 화면\diablo2 모작\winapi\x64\debug\winapi.tlog\cl.read.1.tlog
c:\users\0127r\onedrive\바탕 화면\diablo2 모작\winapi\x64\debug\winapi.tlog\cl.write.1.tlog
